<?xml version="1.0" encoding="UTF-8"?>
<!-- Generated by org.testng.reporters.JUnitXMLReporter -->
<testsuite ignored="0" hostname="Srinivass-MacBook-Air.local" failures="0" tests="2" name="mac-firefox" time="0.786" errors="0" timestamp="2024-12-06T17:30:59 GMT">
  <testcase classname="testcases.TC1_Registration" name="testUserRegistration" time="0.0">
    <skipped/>
  </testcase> <!-- testUserRegistration -->
  <testcase classname="testcases.TC2_Login" name="testLoginWithValidCredentials" time="0.0">
    <skipped/>
  </testcase> <!-- testLoginWithValidCredentials -->
</testsuite> <!-- mac-firefox -->
