<?xml version="1.0" encoding="UTF-8"?>
<!-- Generated by org.testng.reporters.JUnitXMLReporter -->
<testsuite ignored="0" hostname="Srinivass-MacBook-Air.local" failures="1" tests="1" name="Mac-safari" time="38.483" errors="0" timestamp="2024-12-09T15:46:27 GMT">
  <testcase classname="testcases.TC3_Logout" name="testLogout" time="26.868">
    <failure type="java.lang.NullPointerException" message="Cannot invoke &amp;quot;pageobjects.LogoutPage.clickContinue()&amp;quot; because &amp;quot;logoutPage&amp;quot; is null">
      <![CDATA[java.lang.NullPointerException: Cannot invoke "pageobjects.LogoutPage.clickContinue()" because "logoutPage" is null
at testcases.TC3_Logout.testLogout(TC3_Logout.java:68)
at java.base/java.util.ArrayList.forEach(ArrayList.java:1597)
at java.base/java.util.concurrent.FutureTask.run(FutureTask.java:317)
at java.base/java.util.concurrent.ThreadPoolExecutor.runWorker(ThreadPoolExecutor.java:1144)
at java.base/java.util.concurrent.ThreadPoolExecutor$Worker.run(ThreadPoolExecutor.java:642)
at java.base/java.lang.Thread.run(Thread.java:1570)
... Removed 15 stack frames]]>
    </failure>
  </testcase> <!-- testLogout -->
</testsuite> <!-- Mac-safari -->
