<?xml version="1.0" encoding="UTF-8"?>
<!-- Generated by org.testng.reporters.JUnitXMLReporter -->
<testsuite ignored="0" hostname="Srinivass-MacBook-Air.local" failures="1" tests="5" name="windows-chrome" time="46.671" errors="0" timestamp="2024-12-09T15:40:39 GMT">
  <testcase classname="testcases.TC1_Registration" name="testUserRegistration" time="3.836"/>
  <testcase classname="testcases.TC2_Login" name="testLoginWithValidCredentials" time="4.429"/>
  <testcase classname="testcases.TC3_Logout" name="testLogout" time="22.715">
    <failure type="java.lang.NullPointerException" message="Cannot invoke &amp;quot;pageobjects.LogoutPage.clickContinue()&amp;quot; because &amp;quot;logoutPage&amp;quot; is null">
      <![CDATA[java.lang.NullPointerException: Cannot invoke "pageobjects.LogoutPage.clickContinue()" because "logoutPage" is null
at testcases.TC3_Logout.testLogout(TC3_Logout.java:68)
at java.base/java.util.ArrayList.forEach(ArrayList.java:1597)
... Removed 25 stack frames]]>
    </failure>
  </testcase> <!-- testLogout -->
  <testcase classname="testcases.TC4_SeachProduct" name="testProductSearch" time="2.732"/>
  <testcase classname="testcases.TC5_AddToCart" name="testAddToCart" time="4.257"/>
</testsuite> <!-- windows-chrome -->
